2025-10-22 21:49:06,279 | INFO | ==============================================================
2025-10-22 21:49:06,280 | INFO | Starting YOLOv8 Crowd Detection with Logging Enabled
2025-10-22 21:49:06,280 | INFO | Confidence threshold: 0.6
2025-10-22 21:49:06,280 | INFO | ==============================================================
2025-10-22 21:49:06,280 | INFO | Loading YOLOv8 model (auto-download if not present)...
2025-10-22 21:49:06,343 | INFO | Video Info: 1344x756 @ 30 FPS | Total frames: 266
2025-10-22 21:49:06,344 | INFO | Processing frames...
2025-10-22 21:49:10,416 | INFO | Progress: 30/266 (11.3%) | People Detected: 2
2025-10-22 21:49:14,434 | INFO | Progress: 60/266 (22.6%) | People Detected: 3
2025-10-22 21:49:18,463 | INFO | Progress: 90/266 (33.8%) | People Detected: 3
2025-10-22 21:49:22,505 | INFO | Progress: 120/266 (45.1%) | People Detected: 2
2025-10-22 21:49:26,565 | INFO | Progress: 150/266 (56.4%) | People Detected: 4
2025-10-22 21:49:30,649 | INFO | Progress: 180/266 (67.7%) | People Detected: 4
2025-10-22 21:49:34,714 | INFO | Progress: 210/266 (78.9%) | People Detected: 5
2025-10-22 21:49:38,774 | INFO | Progress: 240/266 (90.2%) | People Detected: 5
2025-10-22 21:49:42,301 | INFO | ==============================================================
2025-10-22 21:49:42,301 | INFO | Processing Completed Successfully!
2025-10-22 21:49:42,301 | INFO | Output Video: /Users/anubhi/Desktop/video/output_detected_v8l.mp4
2025-10-22 21:49:42,301 | INFO | Log File: logs/crowd_detection_20251022_214906.log
2025-10-22 21:49:42,301 | INFO | CSV Summary: logs/detection_log_20251022_214906.csv
2025-10-22 21:49:42,301 | INFO | Total Frames Processed: 266
2025-10-22 21:49:42,301 | INFO | ==============================================================
