2025-10-22 22:33:33,903 | INFO | ==============================================================
2025-10-22 22:33:33,903 | INFO | Starting YOLOv8 Crowd Detection with Logging Enabled
2025-10-22 22:33:33,903 | INFO | Confidence threshold: 0.4
2025-10-22 22:33:33,903 | INFO | ==============================================================
2025-10-22 22:33:33,903 | INFO | Loading YOLOv8 model (auto-download if not present)...
2025-10-22 22:33:33,992 | INFO | Video Info: 1344x756 @ 30 FPS | Total frames: 266
2025-10-22 22:33:33,994 | INFO | Processing frames...
2025-10-22 22:33:38,099 | INFO | Progress: 30/266 (11.3%) | People Detected: 7
2025-10-22 22:33:42,149 | INFO | Progress: 60/266 (22.6%) | People Detected: 7
2025-10-22 22:33:46,226 | INFO | Progress: 90/266 (33.8%) | People Detected: 8
2025-10-22 22:33:50,295 | INFO | Progress: 120/266 (45.1%) | People Detected: 8
2025-10-22 22:33:54,336 | INFO | Progress: 150/266 (56.4%) | People Detected: 8
2025-10-22 22:33:58,433 | INFO | Progress: 180/266 (67.7%) | People Detected: 8
2025-10-22 22:34:02,527 | INFO | Progress: 210/266 (78.9%) | People Detected: 14
2025-10-22 22:34:06,601 | INFO | Progress: 240/266 (90.2%) | People Detected: 19
2025-10-22 22:34:10,127 | INFO | ==============================================================
2025-10-22 22:34:10,127 | INFO | Processing Completed Successfully!
2025-10-22 22:34:10,127 | INFO | Output Video: /Users/anubhi/Desktop/video/output_detected_v8l.mp4
2025-10-22 22:34:10,128 | INFO | Log File: logs/crowd_detection_20251022_223333.log
2025-10-22 22:34:10,128 | INFO | CSV Summary: logs/detection_log_20251022_223333.csv
2025-10-22 22:34:10,128 | INFO | Total Frames Processed: 266
2025-10-22 22:34:10,128 | INFO | ==============================================================
