2025-10-26 01:49:28,981 | INFO | ==============================================================
2025-10-26 01:49:28,982 | INFO | Starting YOLOv8 Crowd Detection with Logging Enabled
2025-10-26 01:49:28,982 | INFO | Confidence threshold: 0.4
2025-10-26 01:49:28,982 | INFO | ==============================================================
2025-10-26 01:49:28,982 | INFO | Loading YOLOv8 model (auto-download if not present)...
2025-10-26 01:49:29,092 | INFO | Video Info: 1344x756 @ 30 FPS | Total frames: 266
2025-10-26 01:49:29,094 | INFO | Processing frames...
2025-10-26 01:49:33,222 | INFO | Progress: 30/266 (11.3%) | People Detected: 7
2025-10-26 01:49:37,453 | INFO | Progress: 60/266 (22.6%) | People Detected: 7
2025-10-26 01:49:41,834 | INFO | Progress: 90/266 (33.8%) | People Detected: 8
2025-10-26 01:49:46,020 | INFO | Progress: 120/266 (45.1%) | People Detected: 8
2025-10-26 01:49:50,465 | INFO | Progress: 150/266 (56.4%) | People Detected: 8
2025-10-26 01:49:54,745 | INFO | Progress: 180/266 (67.7%) | People Detected: 8
2025-10-26 01:49:59,116 | INFO | Progress: 210/266 (78.9%) | People Detected: 14
2025-10-26 01:50:03,387 | INFO | Progress: 240/266 (90.2%) | People Detected: 19
2025-10-26 01:50:07,198 | INFO | ==============================================================
2025-10-26 01:50:07,199 | INFO | Processing Completed Successfully!
2025-10-26 01:50:07,199 | INFO | Output Video: /Users/anubhi/Desktop/video/output_detected_v8l.mp4
2025-10-26 01:50:07,199 | INFO | Log File: logs/crowd_detection_20251026_014928.log
2025-10-26 01:50:07,199 | INFO | CSV Summary: logs/detection_log_20251026_014928.csv
2025-10-26 01:50:07,199 | INFO | Total Frames Processed: 266
2025-10-26 01:50:07,199 | INFO | ==============================================================
