2025-10-22 21:50:04,218 | INFO | ==============================================================
2025-10-22 21:50:04,218 | INFO | Starting YOLOv8 Crowd Detection with Logging Enabled
2025-10-22 21:50:04,218 | INFO | Confidence threshold: 0.7
2025-10-22 21:50:04,218 | INFO | ==============================================================
2025-10-22 21:50:04,218 | INFO | Loading YOLOv8 model (auto-download if not present)...
2025-10-22 21:50:04,264 | INFO | Video Info: 1344x756 @ 30 FPS | Total frames: 266
2025-10-22 21:50:04,265 | INFO | Processing frames...
2025-10-22 21:50:08,360 | INFO | Progress: 30/266 (11.3%) | People Detected: 1
2025-10-22 21:50:12,394 | INFO | Progress: 60/266 (22.6%) | People Detected: 1
2025-10-22 21:50:16,437 | INFO | Progress: 90/266 (33.8%) | People Detected: 1
2025-10-22 21:50:20,501 | INFO | Progress: 120/266 (45.1%) | People Detected: 1
2025-10-22 21:50:24,564 | INFO | Progress: 150/266 (56.4%) | People Detected: 3
2025-10-22 21:50:28,736 | INFO | Progress: 180/266 (67.7%) | People Detected: 3
2025-10-22 21:50:32,824 | INFO | Progress: 210/266 (78.9%) | People Detected: 0
2025-10-22 21:50:36,873 | INFO | Progress: 240/266 (90.2%) | People Detected: 2
2025-10-22 21:50:40,398 | INFO | ==============================================================
2025-10-22 21:50:40,398 | INFO | Processing Completed Successfully!
2025-10-22 21:50:40,398 | INFO | Output Video: /Users/anubhi/Desktop/video/output_detected_v8l.mp4
2025-10-22 21:50:40,398 | INFO | Log File: logs/crowd_detection_20251022_215004.log
2025-10-22 21:50:40,398 | INFO | CSV Summary: logs/detection_log_20251022_215004.csv
2025-10-22 21:50:40,398 | INFO | Total Frames Processed: 266
2025-10-22 21:50:40,399 | INFO | ==============================================================
