2025-10-22 21:51:01,964 | INFO | ==============================================================
2025-10-22 21:51:01,965 | INFO | Starting YOLOv8 Crowd Detection with Logging Enabled
2025-10-22 21:51:01,965 | INFO | Confidence threshold: 0.8
2025-10-22 21:51:01,965 | INFO | ==============================================================
2025-10-22 21:51:01,965 | INFO | Loading YOLOv8 model (auto-download if not present)...
2025-10-22 21:51:02,010 | INFO | Video Info: 1344x756 @ 30 FPS | Total frames: 266
2025-10-22 21:51:02,011 | INFO | Processing frames...
2025-10-22 21:51:06,098 | INFO | Progress: 30/266 (11.3%) | People Detected: 1
2025-10-22 21:51:10,169 | INFO | Progress: 60/266 (22.6%) | People Detected: 1
2025-10-22 21:51:14,225 | INFO | Progress: 90/266 (33.8%) | People Detected: 1
2025-10-22 21:51:18,295 | INFO | Progress: 120/266 (45.1%) | People Detected: 0
2025-10-22 21:51:22,362 | INFO | Progress: 150/266 (56.4%) | People Detected: 0
2025-10-22 21:51:26,441 | INFO | Progress: 180/266 (67.7%) | People Detected: 3
2025-10-22 21:51:30,539 | INFO | Progress: 210/266 (78.9%) | People Detected: 0
2025-10-22 21:51:34,616 | INFO | Progress: 240/266 (90.2%) | People Detected: 0
2025-10-22 21:51:38,146 | INFO | ==============================================================
2025-10-22 21:51:38,146 | INFO | Processing Completed Successfully!
2025-10-22 21:51:38,146 | INFO | Output Video: /Users/anubhi/Desktop/video/output_detected_v8l.mp4
2025-10-22 21:51:38,146 | INFO | Log File: logs/crowd_detection_20251022_215101.log
2025-10-22 21:51:38,146 | INFO | CSV Summary: logs/detection_log_20251022_215101.csv
2025-10-22 21:51:38,146 | INFO | Total Frames Processed: 266
2025-10-22 21:51:38,146 | INFO | ==============================================================
